==1266442== Invalid read of size 4
==1266442==    at 0x406FA4: Client::disconnect() (Client.cpp:32)
==1266442==    by 0x404A9D: Webserv::handleClient(int) (Webserv.cpp:153)
==1266442==    by 0x4047BD: Webserv::start() (Webserv.cpp:123)
==1266442==    by 0x403B73: main (main.cpp:38)
==1266442==  Address 0x4df1a98 is 8 bytes inside a block of size 16 free'd
==1266442==    at 0x484B8AF: operator delete(void*) (in /usr/libexec/valgrind/vgpreload_memcheck-amd64-linux.so)
==1266442==    by 0x404B20: Webserv::handleClient(int) (Webserv.cpp:155)
==1266442==    by 0x4047BD: Webserv::start() (Webserv.cpp:123)
==1266442==    by 0x403B73: main (main.cpp:38)
==1266442==  Block was alloc'd at
==1266442==    at 0x4849013: operator new(unsigned long) (in /usr/libexec/valgrind/vgpreload_memcheck-amd64-linux.so)
==1266442==    by 0x413607: Server::newClient() (Server.cpp:95)
==1266442==    by 0x404761: Webserv::start() (Webserv.cpp:117)
==1266442==    by 0x403B73: main (main.cpp:38)
==1266442== 
[Server] client 6 disconnected
==1266442== Invalid read of size 8
==1266442==    at 0x406FD4: Client::disconnect() (Client.cpp:33)
==1266442==    by 0x404A9D: Webserv::handleClient(int) (Webserv.cpp:153)
==1266442==    by 0x4047BD: Webserv::start() (Webserv.cpp:123)
==1266442==    by 0x403B73: main (main.cpp:38)
==1266442==  Address 0x4df1a90 is 0 bytes inside a block of size 16 free'd
==1266442==    at 0x484B8AF: operator delete(void*) (in /usr/libexec/valgrind/vgpreload_memcheck-amd64-linux.so)
==1266442==    by 0x404B20: Webserv::handleClient(int) (Webserv.cpp:155)
==1266442==    by 0x4047BD: Webserv::start() (Webserv.cpp:123)
==1266442==    by 0x403B73: main (main.cpp:38)
==1266442==  Block was alloc'd at
==1266442==    at 0x4849013: operator new(unsigned long) (in /usr/libexec/valgrind/vgpreload_memcheck-amd64-linux.so)
==1266442==    by 0x413607: Server::newClient() (Server.cpp:95)
==1266442==    by 0x404761: Webserv::start() (Webserv.cpp:117)
==1266442==    by 0x403B73: main (main.cpp:38)
==1266442== 
==1266442== Invalid read of size 4
==1266442==    at 0x406FE2: Client::disconnect() (Client.cpp:33)
==1266442==    by 0x404A9D: Webserv::handleClient(int) (Webserv.cpp:153)
==1266442==    by 0x4047BD: Webserv::start() (Webserv.cpp:123)
==1266442==    by 0x403B73: main (main.cpp:38)
==1266442==  Address 0x4df1a98 is 8 bytes inside a block of size 16 free'd
==1266442==    at 0x484B8AF: operator delete(void*) (in /usr/libexec/valgrind/vgpreload_memcheck-amd64-linux.so)
==1266442==    by 0x404B20: Webserv::handleClient(int) (Webserv.cpp:155)
==1266442==    by 0x4047BD: Webserv::start() (Webserv.cpp:123)
==1266442==    by 0x403B73: main (main.cpp:38)
==1266442==  Block was alloc'd at
==1266442==    at 0x4849013: operator new(unsigned long) (in /usr/libexec/valgrind/vgpreload_memcheck-amd64-linux.so)
==1266442==    by 0x413607: Server::newClient() (Server.cpp:95)
==1266442==    by 0x404761: Webserv::start() (Webserv.cpp:117)
==1266442==    by 0x403B73: main (main.cpp:38)
==1266442== 
==1266442== Invalid read of size 4
==1266442==    at 0x406FF7: Client::disconnect() (Client.cpp:34)
==1266442==    by 0x404A9D: Webserv::handleClient(int) (Webserv.cpp:153)
==1266442==    by 0x4047BD: Webserv::start() (Webserv.cpp:123)
==1266442==    by 0x403B73: main (main.cpp:38)
==1266442==  Address 0x4df1a98 is 8 bytes inside a block of size 16 free'd
==1266442==    at 0x484B8AF: operator delete(void*) (in /usr/libexec/valgrind/vgpreload_memcheck-amd64-linux.so)
==1266442==    by 0x404B20: Webserv::handleClient(int) (Webserv.cpp:155)
==1266442==    by 0x4047BD: Webserv::start() (Webserv.cpp:123)
==1266442==    by 0x403B73: main (main.cpp:38)
==1266442==  Block was alloc'd at
==1266442==    at 0x4849013: operator new(unsigned long) (in /usr/libexec/valgrind/vgpreload_memcheck-amd64-linux.so)
==1266442==    by 0x413607: Server::newClient() (Server.cpp:95)
==1266442==    by 0x404761: Webserv::start() (Webserv.cpp:117)
==1266442==    by 0x403B73: main (main.cpp:38)
==1266442== 
==1266442== Invalid read of size 4
==1266442==    at 0x406E64: Client::~Client() (Client.cpp:18)
==1266442==    by 0x404B0F: Webserv::handleClient(int) (Webserv.cpp:155)
==1266442==    by 0x4047BD: Webserv::start() (Webserv.cpp:123)
==1266442==    by 0x403B73: main (main.cpp:38)
==1266442==  Address 0x4df1a98 is 8 bytes inside a block of size 16 free'd
==1266442==    at 0x484B8AF: operator delete(void*) (in /usr/libexec/valgrind/vgpreload_memcheck-amd64-linux.so)
==1266442==    by 0x404B20: Webserv::handleClient(int) (Webserv.cpp:155)
==1266442==    by 0x4047BD: Webserv::start() (Webserv.cpp:123)
==1266442==    by 0x403B73: main (main.cpp:38)
==1266442==  Block was alloc'd at
==1266442==    at 0x4849013: operator new(unsigned long) (in /usr/libexec/valgrind/vgpreload_memcheck-amd64-linux.so)
==1266442==    by 0x413607: Server::newClient() (Server.cpp:95)
==1266442==    by 0x404761: Webserv::start() (Webserv.cpp:117)
==1266442==    by 0x403B73: main (main.cpp:38)
==1266442== 
[Client] 6 destroyed
==1266442== Invalid free() / delete / delete[] / realloc()
==1266442==    at 0x484B8AF: operator delete(void*) (in /usr/libexec/valgrind/vgpreload_memcheck-amd64-linux.so)
==1266442==    by 0x404B20: Webserv::handleClient(int) (Webserv.cpp:155)
==1266442==    by 0x4047BD: Webserv::start() (Webserv.cpp:123)
==1266442==    by 0x403B73: main (main.cpp:38)
==1266442==  Address 0x4df1a90 is 0 bytes inside a block of size 16 free'd
==1266442==    at 0x484B8AF: operator delete(void*) (in /usr/libexec/valgrind/vgpreload_memcheck-amd64-linux.so)
==1266442==    by 0x404B20: Webserv::handleClient(int) (Webserv.cpp:155)
==1266442==    by 0x4047BD: Webserv::start() (Webserv.cpp:123)
==1266442==    by 0x403B73: main (main.cpp:38)
==1266442==  Block was alloc'd at
==1266442==    at 0x4849013: operator new(unsigned long) (in /usr/libexec/valgrind/vgpreload_memcheck-amd64-linux.so)
==1266442==    by 0x413607: Server::newClient() (Server.cpp:95)
==1266442==    by 0x404761: Webserv::start() (Webserv.cpp:117)
==1266442==    by 0x403B73: main (main.cpp:38)
==1266442== 
